<?xml version="1.0" encoding="UTF-8"?><testsuite name="nosetests" tests="15" errors="0" failures="0" skip="0"><testcase classname="test.TestSuite" name="test" time="0.001"></testcase><testcase classname="test.TestSuite" name="test10" time="0.000"></testcase><testcase classname="test.TestSuite" name="test11" time="0.000"></testcase><testcase classname="test.TestSuite" name="test12" time="0.000"></testcase><testcase classname="test.TestSuite" name="test13" time="0.000"></testcase><testcase classname="test.TestSuite" name="test14" time="0.000"></testcase><testcase classname="test.TestSuite" name="test15" time="0.000"></testcase><testcase classname="test.TestSuite" name="test2" time="0.000"></testcase><testcase classname="test.TestSuite" name="test3" time="0.000"></testcase><testcase classname="test.TestSuite" name="test4" time="0.001"></testcase><testcase classname="test.TestSuite" name="test5" time="0.002"></testcase><testcase classname="test.TestSuite" name="test6" time="0.001"></testcase><testcase classname="test.TestSuite" name="test7" time="0.000"></testcase><testcase classname="test.TestSuite" name="test8" time="0.000"></testcase><testcase classname="test.TestSuite" name="test9" time="0.000"></testcase></testsuite>